actionid=tox
msg=packaging
cmdargs=['/usr/bin/python', local('/opt/stack/python-manilaclient/setup.py'), 'sdist', '--formats=zip', '--dist-dir', local('/opt/stack/python-manilaclient/.tox/dist')]
env=None
running sdist
running egg_info
writing requirements to python_manilaclient.egg-info/requires.txt
writing python_manilaclient.egg-info/PKG-INFO
writing top-level names to python_manilaclient.egg-info/top_level.txt
writing dependency_links to python_manilaclient.egg-info/dependency_links.txt
writing entry points to python_manilaclient.egg-info/entry_points.txt
reading manifest template 'MANIFEST.in'
warning: no previously-included files found matching '.gitreview'
writing manifest file 'python_manilaclient.egg-info/SOURCES.txt'
warning: LocalSDist: standard file not found: should have one of README, README.txt

creating python-manilaclient-9a3e8e1
creating python-manilaclient-9a3e8e1/doc
creating python-manilaclient-9a3e8e1/doc/source
creating python-manilaclient-9a3e8e1/manilaclient
creating python-manilaclient-9a3e8e1/manilaclient/openstack
creating python-manilaclient-9a3e8e1/manilaclient/openstack/common
creating python-manilaclient-9a3e8e1/manilaclient/v1
creating python-manilaclient-9a3e8e1/manilaclient/v1/contrib
creating python-manilaclient-9a3e8e1/manilaclient/v2
creating python-manilaclient-9a3e8e1/manilaclient/v2/contrib
creating python-manilaclient-9a3e8e1/python_manilaclient.egg-info
creating python-manilaclient-9a3e8e1/tests
creating python-manilaclient-9a3e8e1/tests/v1
creating python-manilaclient-9a3e8e1/tests/v1/contrib
creating python-manilaclient-9a3e8e1/tests/v1/shares
creating python-manilaclient-9a3e8e1/tests/v2
creating python-manilaclient-9a3e8e1/tests/v2/contrib
creating python-manilaclient-9a3e8e1/tests/v2/shares
creating python-manilaclient-9a3e8e1/tools
making hard links in python-manilaclient-9a3e8e1...
hard linking AUTHORS -> python-manilaclient-9a3e8e1
hard linking ChangeLog -> python-manilaclient-9a3e8e1
hard linking HACKING -> python-manilaclient-9a3e8e1
hard linking LICENSE -> python-manilaclient-9a3e8e1
hard linking MANIFEST.in -> python-manilaclient-9a3e8e1
hard linking README.rst -> python-manilaclient-9a3e8e1
hard linking openstack-common.conf -> python-manilaclient-9a3e8e1
hard linking run_tests.sh -> python-manilaclient-9a3e8e1
hard linking setup.cfg -> python-manilaclient-9a3e8e1
hard linking setup.py -> python-manilaclient-9a3e8e1
hard linking tox.ini -> python-manilaclient-9a3e8e1
hard linking doc/.gitignore -> python-manilaclient-9a3e8e1/doc
hard linking doc/Makefile -> python-manilaclient-9a3e8e1/doc
hard linking doc/source/conf.py -> python-manilaclient-9a3e8e1/doc/source
hard linking doc/source/index.rst -> python-manilaclient-9a3e8e1/doc/source
hard linking doc/source/shell.rst -> python-manilaclient-9a3e8e1/doc/source
hard linking manilaclient/__init__.py -> python-manilaclient-9a3e8e1/manilaclient
hard linking manilaclient/base.py -> python-manilaclient-9a3e8e1/manilaclient
hard linking manilaclient/client.py -> python-manilaclient-9a3e8e1/manilaclient
hard linking manilaclient/exceptions.py -> python-manilaclient-9a3e8e1/manilaclient
hard linking manilaclient/extension.py -> python-manilaclient-9a3e8e1/manilaclient
hard linking manilaclient/service_catalog.py -> python-manilaclient-9a3e8e1/manilaclient
hard linking manilaclient/shell.py -> python-manilaclient-9a3e8e1/manilaclient
hard linking manilaclient/utils.py -> python-manilaclient-9a3e8e1/manilaclient
hard linking manilaclient/openstack/__init__.py -> python-manilaclient-9a3e8e1/manilaclient/openstack
hard linking manilaclient/openstack/common/__init__.py -> python-manilaclient-9a3e8e1/manilaclient/openstack/common
hard linking manilaclient/openstack/common/setup.py -> python-manilaclient-9a3e8e1/manilaclient/openstack/common
hard linking manilaclient/openstack/common/strutils.py -> python-manilaclient-9a3e8e1/manilaclient/openstack/common
hard linking manilaclient/openstack/common/version.py -> python-manilaclient-9a3e8e1/manilaclient/openstack/common
hard linking manilaclient/v1/__init__.py -> python-manilaclient-9a3e8e1/manilaclient/v1
hard linking manilaclient/v1/client.py -> python-manilaclient-9a3e8e1/manilaclient/v1
hard linking manilaclient/v1/limits.py -> python-manilaclient-9a3e8e1/manilaclient/v1
hard linking manilaclient/v1/quota_classes.py -> python-manilaclient-9a3e8e1/manilaclient/v1
hard linking manilaclient/v1/quotas.py -> python-manilaclient-9a3e8e1/manilaclient/v1
hard linking manilaclient/v1/share_snapshots.py -> python-manilaclient-9a3e8e1/manilaclient/v1
hard linking manilaclient/v1/shares.py -> python-manilaclient-9a3e8e1/manilaclient/v1
hard linking manilaclient/v1/shell.py -> python-manilaclient-9a3e8e1/manilaclient/v1
hard linking manilaclient/v1/contrib/__init__.py -> python-manilaclient-9a3e8e1/manilaclient/v1/contrib
hard linking manilaclient/v1/contrib/list_extensions.py -> python-manilaclient-9a3e8e1/manilaclient/v1/contrib
hard linking manilaclient/v2/__init__.py -> python-manilaclient-9a3e8e1/manilaclient/v2
hard linking manilaclient/v2/client.py -> python-manilaclient-9a3e8e1/manilaclient/v2
hard linking manilaclient/v2/limits.py -> python-manilaclient-9a3e8e1/manilaclient/v2
hard linking manilaclient/v2/quota_classes.py -> python-manilaclient-9a3e8e1/manilaclient/v2
hard linking manilaclient/v2/quotas.py -> python-manilaclient-9a3e8e1/manilaclient/v2
hard linking manilaclient/v2/share_snapshots.py -> python-manilaclient-9a3e8e1/manilaclient/v2
hard linking manilaclient/v2/shares.py -> python-manilaclient-9a3e8e1/manilaclient/v2
hard linking manilaclient/v2/shell.py -> python-manilaclient-9a3e8e1/manilaclient/v2
hard linking manilaclient/v2/volume_backups.py -> python-manilaclient-9a3e8e1/manilaclient/v2
hard linking manilaclient/v2/volume_backups_restore.py -> python-manilaclient-9a3e8e1/manilaclient/v2
hard linking manilaclient/v2/volume_snapshots.py -> python-manilaclient-9a3e8e1/manilaclient/v2
hard linking manilaclient/v2/volume_types.py -> python-manilaclient-9a3e8e1/manilaclient/v2
hard linking manilaclient/v2/volumes.py -> python-manilaclient-9a3e8e1/manilaclient/v2
hard linking manilaclient/v2/contrib/__init__.py -> python-manilaclient-9a3e8e1/manilaclient/v2/contrib
hard linking manilaclient/v2/contrib/list_extensions.py -> python-manilaclient-9a3e8e1/manilaclient/v2/contrib
hard linking python_manilaclient.egg-info/PKG-INFO -> python-manilaclient-9a3e8e1/python_manilaclient.egg-info
hard linking python_manilaclient.egg-info/SOURCES.txt -> python-manilaclient-9a3e8e1/python_manilaclient.egg-info
hard linking python_manilaclient.egg-info/dependency_links.txt -> python-manilaclient-9a3e8e1/python_manilaclient.egg-info
hard linking python_manilaclient.egg-info/entry_points.txt -> python-manilaclient-9a3e8e1/python_manilaclient.egg-info
hard linking python_manilaclient.egg-info/requires.txt -> python-manilaclient-9a3e8e1/python_manilaclient.egg-info
hard linking python_manilaclient.egg-info/top_level.txt -> python-manilaclient-9a3e8e1/python_manilaclient.egg-info
hard linking tests/__init__.py -> python-manilaclient-9a3e8e1/tests
hard linking tests/fakes.py -> python-manilaclient-9a3e8e1/tests
hard linking tests/test_base.py -> python-manilaclient-9a3e8e1/tests
hard linking tests/test_client.py -> python-manilaclient-9a3e8e1/tests
hard linking tests/test_http.py -> python-manilaclient-9a3e8e1/tests
hard linking tests/test_service_catalog.py -> python-manilaclient-9a3e8e1/tests
hard linking tests/test_shell.py -> python-manilaclient-9a3e8e1/tests
hard linking tests/test_utils.py -> python-manilaclient-9a3e8e1/tests
hard linking tests/utils.py -> python-manilaclient-9a3e8e1/tests
hard linking tests/v1/__init__.py -> python-manilaclient-9a3e8e1/tests/v1
hard linking tests/v1/fakes.py -> python-manilaclient-9a3e8e1/tests/v1
hard linking tests/v1/test_auth.py -> python-manilaclient-9a3e8e1/tests/v1
hard linking tests/v1/test_quota_classes.py -> python-manilaclient-9a3e8e1/tests/v1
hard linking tests/v1/test_quotas.py -> python-manilaclient-9a3e8e1/tests/v1
hard linking tests/v1/test_shell.py -> python-manilaclient-9a3e8e1/tests/v1
hard linking tests/v1/test_types.py -> python-manilaclient-9a3e8e1/tests/v1
hard linking tests/v1/test_volume_backups.py -> python-manilaclient-9a3e8e1/tests/v1
hard linking tests/v1/test_volumes.py -> python-manilaclient-9a3e8e1/tests/v1
hard linking tests/v1/testfile.txt -> python-manilaclient-9a3e8e1/tests/v1
hard linking tests/v1/contrib/__init__.py -> python-manilaclient-9a3e8e1/tests/v1/contrib
hard linking tests/v1/contrib/test_list_extensions.py -> python-manilaclient-9a3e8e1/tests/v1/contrib
hard linking tests/v1/shares/__init__.py -> python-manilaclient-9a3e8e1/tests/v1/shares
hard linking tests/v1/shares/fakes.py -> python-manilaclient-9a3e8e1/tests/v1/shares
hard linking tests/v1/shares/test_share_snapshots.py -> python-manilaclient-9a3e8e1/tests/v1/shares
hard linking tests/v1/shares/test_shares.py -> python-manilaclient-9a3e8e1/tests/v1/shares
hard linking tests/v2/__init__.py -> python-manilaclient-9a3e8e1/tests/v2
hard linking tests/v2/fakes.py -> python-manilaclient-9a3e8e1/tests/v2
hard linking tests/v2/test_auth.py -> python-manilaclient-9a3e8e1/tests/v2
hard linking tests/v2/test_quota_classes.py -> python-manilaclient-9a3e8e1/tests/v2
hard linking tests/v2/test_quotas.py -> python-manilaclient-9a3e8e1/tests/v2
hard linking tests/v2/test_shell.py -> python-manilaclient-9a3e8e1/tests/v2
hard linking tests/v2/test_types.py -> python-manilaclient-9a3e8e1/tests/v2
hard linking tests/v2/test_volume_backups.py -> python-manilaclient-9a3e8e1/tests/v2
hard linking tests/v2/test_volumes.py -> python-manilaclient-9a3e8e1/tests/v2
hard linking tests/v2/contrib/__init__.py -> python-manilaclient-9a3e8e1/tests/v2/contrib
hard linking tests/v2/contrib/test_list_extensions.py -> python-manilaclient-9a3e8e1/tests/v2/contrib
hard linking tests/v2/shares/__init__.py -> python-manilaclient-9a3e8e1/tests/v2/shares
hard linking tests/v2/shares/fakes.py -> python-manilaclient-9a3e8e1/tests/v2/shares
hard linking tests/v2/shares/test_share_snapshots.py -> python-manilaclient-9a3e8e1/tests/v2/shares
hard linking tests/v2/shares/test_shares.py -> python-manilaclient-9a3e8e1/tests/v2/shares
hard linking tools/cinder.bash_completion -> python-manilaclient-9a3e8e1/tools
hard linking tools/generate_authors.sh -> python-manilaclient-9a3e8e1/tools
hard linking tools/install_venv.py -> python-manilaclient-9a3e8e1/tools
hard linking tools/pip-requires -> python-manilaclient-9a3e8e1/tools
hard linking tools/test-requires -> python-manilaclient-9a3e8e1/tools
hard linking tools/with_venv.sh -> python-manilaclient-9a3e8e1/tools
copying setup.cfg -> python-manilaclient-9a3e8e1
Writing python-manilaclient-9a3e8e1/setup.cfg
creating '.tox/dist/python-manilaclient-9a3e8e1.zip' and adding 'python-manilaclient-9a3e8e1' to it
adding 'python-manilaclient-9a3e8e1/README.rst'
adding 'python-manilaclient-9a3e8e1/tox.ini'
adding 'python-manilaclient-9a3e8e1/openstack-common.conf'
adding 'python-manilaclient-9a3e8e1/setup.py'
adding 'python-manilaclient-9a3e8e1/run_tests.sh'
adding 'python-manilaclient-9a3e8e1/AUTHORS'
adding 'python-manilaclient-9a3e8e1/setup.cfg'
adding 'python-manilaclient-9a3e8e1/LICENSE'
adding 'python-manilaclient-9a3e8e1/PKG-INFO'
adding 'python-manilaclient-9a3e8e1/ChangeLog'
adding 'python-manilaclient-9a3e8e1/MANIFEST.in'
adding 'python-manilaclient-9a3e8e1/HACKING'
adding 'python-manilaclient-9a3e8e1/manilaclient/exceptions.py'
adding 'python-manilaclient-9a3e8e1/manilaclient/shell.py'
adding 'python-manilaclient-9a3e8e1/manilaclient/client.py'
adding 'python-manilaclient-9a3e8e1/manilaclient/service_catalog.py'
adding 'python-manilaclient-9a3e8e1/manilaclient/base.py'
adding 'python-manilaclient-9a3e8e1/manilaclient/__init__.py'
adding 'python-manilaclient-9a3e8e1/manilaclient/utils.py'
adding 'python-manilaclient-9a3e8e1/manilaclient/extension.py'
adding 'python-manilaclient-9a3e8e1/manilaclient/v2/quota_classes.py'
adding 'python-manilaclient-9a3e8e1/manilaclient/v2/volume_snapshots.py'
adding 'python-manilaclient-9a3e8e1/manilaclient/v2/shell.py'
adding 'python-manilaclient-9a3e8e1/manilaclient/v2/client.py'
adding 'python-manilaclient-9a3e8e1/manilaclient/v2/volume_backups.py'
adding 'python-manilaclient-9a3e8e1/manilaclient/v2/quotas.py'
adding 'python-manilaclient-9a3e8e1/manilaclient/v2/limits.py'
adding 'python-manilaclient-9a3e8e1/manilaclient/v2/__init__.py'
adding 'python-manilaclient-9a3e8e1/manilaclient/v2/volume_backups_restore.py'
adding 'python-manilaclient-9a3e8e1/manilaclient/v2/shares.py'
adding 'python-manilaclient-9a3e8e1/manilaclient/v2/volumes.py'
adding 'python-manilaclient-9a3e8e1/manilaclient/v2/share_snapshots.py'
adding 'python-manilaclient-9a3e8e1/manilaclient/v2/volume_types.py'
adding 'python-manilaclient-9a3e8e1/manilaclient/v2/contrib/list_extensions.py'
adding 'python-manilaclient-9a3e8e1/manilaclient/v2/contrib/__init__.py'
adding 'python-manilaclient-9a3e8e1/manilaclient/openstack/__init__.py'
adding 'python-manilaclient-9a3e8e1/manilaclient/openstack/common/setup.py'
adding 'python-manilaclient-9a3e8e1/manilaclient/openstack/common/version.py'
adding 'python-manilaclient-9a3e8e1/manilaclient/openstack/common/__init__.py'
adding 'python-manilaclient-9a3e8e1/manilaclient/openstack/common/strutils.py'
adding 'python-manilaclient-9a3e8e1/manilaclient/v1/quota_classes.py'
adding 'python-manilaclient-9a3e8e1/manilaclient/v1/shell.py'
adding 'python-manilaclient-9a3e8e1/manilaclient/v1/client.py'
adding 'python-manilaclient-9a3e8e1/manilaclient/v1/quotas.py'
adding 'python-manilaclient-9a3e8e1/manilaclient/v1/limits.py'
adding 'python-manilaclient-9a3e8e1/manilaclient/v1/__init__.py'
adding 'python-manilaclient-9a3e8e1/manilaclient/v1/shares.py'
adding 'python-manilaclient-9a3e8e1/manilaclient/v1/share_snapshots.py'
adding 'python-manilaclient-9a3e8e1/manilaclient/v1/contrib/list_extensions.py'
adding 'python-manilaclient-9a3e8e1/manilaclient/v1/contrib/__init__.py'
adding 'python-manilaclient-9a3e8e1/tools/generate_authors.sh'
adding 'python-manilaclient-9a3e8e1/tools/with_venv.sh'
adding 'python-manilaclient-9a3e8e1/tools/test-requires'
adding 'python-manilaclient-9a3e8e1/tools/pip-requires'
adding 'python-manilaclient-9a3e8e1/tools/install_venv.py'
adding 'python-manilaclient-9a3e8e1/tools/cinder.bash_completion'
adding 'python-manilaclient-9a3e8e1/doc/Makefile'
adding 'python-manilaclient-9a3e8e1/doc/.gitignore'
adding 'python-manilaclient-9a3e8e1/doc/source/shell.rst'
adding 'python-manilaclient-9a3e8e1/doc/source/conf.py'
adding 'python-manilaclient-9a3e8e1/doc/source/index.rst'
adding 'python-manilaclient-9a3e8e1/python_manilaclient.egg-info/top_level.txt'
adding 'python-manilaclient-9a3e8e1/python_manilaclient.egg-info/SOURCES.txt'
adding 'python-manilaclient-9a3e8e1/python_manilaclient.egg-info/dependency_links.txt'
adding 'python-manilaclient-9a3e8e1/python_manilaclient.egg-info/PKG-INFO'
adding 'python-manilaclient-9a3e8e1/python_manilaclient.egg-info/requires.txt'
adding 'python-manilaclient-9a3e8e1/python_manilaclient.egg-info/entry_points.txt'
adding 'python-manilaclient-9a3e8e1/tests/test_shell.py'
adding 'python-manilaclient-9a3e8e1/tests/test_http.py'
adding 'python-manilaclient-9a3e8e1/tests/test_client.py'
adding 'python-manilaclient-9a3e8e1/tests/test_base.py'
adding 'python-manilaclient-9a3e8e1/tests/__init__.py'
adding 'python-manilaclient-9a3e8e1/tests/utils.py'
adding 'python-manilaclient-9a3e8e1/tests/test_utils.py'
adding 'python-manilaclient-9a3e8e1/tests/test_service_catalog.py'
adding 'python-manilaclient-9a3e8e1/tests/fakes.py'
adding 'python-manilaclient-9a3e8e1/tests/v2/test_quota_classes.py'
adding 'python-manilaclient-9a3e8e1/tests/v2/test_shell.py'
adding 'python-manilaclient-9a3e8e1/tests/v2/test_auth.py'
adding 'python-manilaclient-9a3e8e1/tests/v2/test_volumes.py'
adding 'python-manilaclient-9a3e8e1/tests/v2/test_volume_backups.py'
adding 'python-manilaclient-9a3e8e1/tests/v2/test_types.py'
adding 'python-manilaclient-9a3e8e1/tests/v2/test_quotas.py'
adding 'python-manilaclient-9a3e8e1/tests/v2/__init__.py'
adding 'python-manilaclient-9a3e8e1/tests/v2/fakes.py'
adding 'python-manilaclient-9a3e8e1/tests/v2/contrib/__init__.py'
adding 'python-manilaclient-9a3e8e1/tests/v2/contrib/test_list_extensions.py'
adding 'python-manilaclient-9a3e8e1/tests/v2/shares/test_shares.py'
adding 'python-manilaclient-9a3e8e1/tests/v2/shares/test_share_snapshots.py'
adding 'python-manilaclient-9a3e8e1/tests/v2/shares/__init__.py'
adding 'python-manilaclient-9a3e8e1/tests/v2/shares/fakes.py'
adding 'python-manilaclient-9a3e8e1/tests/v1/test_quota_classes.py'
adding 'python-manilaclient-9a3e8e1/tests/v1/test_shell.py'
adding 'python-manilaclient-9a3e8e1/tests/v1/test_auth.py'
adding 'python-manilaclient-9a3e8e1/tests/v1/test_volumes.py'
adding 'python-manilaclient-9a3e8e1/tests/v1/test_volume_backups.py'
adding 'python-manilaclient-9a3e8e1/tests/v1/test_types.py'
adding 'python-manilaclient-9a3e8e1/tests/v1/test_quotas.py'
adding 'python-manilaclient-9a3e8e1/tests/v1/__init__.py'
adding 'python-manilaclient-9a3e8e1/tests/v1/testfile.txt'
adding 'python-manilaclient-9a3e8e1/tests/v1/fakes.py'
adding 'python-manilaclient-9a3e8e1/tests/v1/contrib/__init__.py'
adding 'python-manilaclient-9a3e8e1/tests/v1/contrib/test_list_extensions.py'
adding 'python-manilaclient-9a3e8e1/tests/v1/shares/test_shares.py'
adding 'python-manilaclient-9a3e8e1/tests/v1/shares/test_share_snapshots.py'
adding 'python-manilaclient-9a3e8e1/tests/v1/shares/__init__.py'
adding 'python-manilaclient-9a3e8e1/tests/v1/shares/fakes.py'
removing 'python-manilaclient-9a3e8e1' (and everything under it)
